<?xml version="1.0" encoding="UTF-8"?>
<!-- Generated by org.testng.reporters.JUnitXMLReporter -->
<testsuite ignored="0" hostname="Softeam-HP" failures="0" tests="3" name="Command line test" time="28.497" errors="0" timestamp="03 juin 2019 13:43:52 GMT">
  <testcase classname="tuto.eclipse.jal.selenium.ng.TestBookingNG" name="verifyHomepageTitle" time="2.696"/>
  <testcase classname="tuto.eclipse.testCases.TestBookingJAL1" name="testBooking1" time="1.226"/>
  <testcase classname="tuto.eclipse.jal.selenium.ng.TestBookingNG" name="verifyWeFindFlights" time="13.869"/>
</testsuite> <!-- Command line test -->
