<?xml version="1.0" encoding="UTF-8"?>
<testng-results ignored="0" total="3" passed="3" failed="0" skipped="0">
  <reporter-output>
  </reporter-output>
  <suite started-at="2019-06-03T13:43:24Z" name="Command line suite" finished-at="2019-06-03T13:43:52Z" duration-ms="28497">
    <groups>
    </groups>
    <test started-at="2019-06-03T13:43:24Z" name="Command line test" finished-at="2019-06-03T13:43:52Z" duration-ms="28497">
      <class name="tuto.eclipse.jal.selenium.ng.TestBookingNG">
        <test-method is-config="true" signature="loadTheDriver()[pri:0, instance:tuto.eclipse.jal.selenium.ng.TestBookingNG@5bf0fe62]" started-at="2019-06-03T13:43:24Z" name="loadTheDriver" finished-at="2019-06-03T13:43:27Z" duration-ms="3537" status="PASS">
          <reporter-output>
          </reporter-output>
        </test-method> <!-- loadTheDriver -->
        <test-method signature="verifyHomepageTitle()[pri:0, instance:tuto.eclipse.jal.selenium.ng.TestBookingNG@5bf0fe62]" started-at="2019-06-03T13:43:27Z" name="verifyHomepageTitle" finished-at="2019-06-03T13:43:30Z" duration-ms="2696" status="PASS">
          <reporter-output>
          </reporter-output>
        </test-method> <!-- verifyHomepageTitle -->
        <test-method signature="verifyWeFindFlights()[pri:1, instance:tuto.eclipse.jal.selenium.ng.TestBookingNG@5bf0fe62]" started-at="2019-06-03T13:43:31Z" name="verifyWeFindFlights" finished-at="2019-06-03T13:43:45Z" duration-ms="13869" status="PASS">
          <reporter-output>
          </reporter-output>
        </test-method> <!-- verifyWeFindFlights -->
        <test-method is-config="true" signature="closeTheDriver()[pri:0, instance:tuto.eclipse.jal.selenium.ng.TestBookingNG@5bf0fe62]" started-at="2019-06-03T13:43:45Z" name="closeTheDriver" finished-at="2019-06-03T13:43:52Z" duration-ms="7138" status="PASS">
          <reporter-output>
          </reporter-output>
        </test-method> <!-- closeTheDriver -->
      </class> <!-- tuto.eclipse.jal.selenium.ng.TestBookingNG -->
      <class name="tuto.eclipse.testCases.TestBookingJAL1">
        <test-method signature="testBooking1()[pri:0, instance:tuto.eclipse.testCases.TestBookingJAL1@1e097d59]" started-at="2019-06-03T13:43:30Z" name="testBooking1" finished-at="2019-06-03T13:43:31Z" duration-ms="1226" status="PASS">
          <reporter-output>
          </reporter-output>
        </test-method> <!-- testBooking1 -->
      </class> <!-- tuto.eclipse.testCases.TestBookingJAL1 -->
    </test> <!-- Command line test -->
  </suite> <!-- Command line suite -->
</testng-results>
